<?xml version="1.0" encoding="UTF-8"?>
<testng-results skipped="0" failed="0" total="1" passed="1">
  <reporter-output>
  </reporter-output>
  <suite name="Default suite" duration-ms="31197" started-at="2019-08-19T22:02:22Z" finished-at="2019-08-19T22:02:53Z">
    <groups>
    </groups>
    <test name="Default test" duration-ms="31197" started-at="2019-08-19T22:02:22Z" finished-at="2019-08-19T22:02:53Z">
      <class name="Solution">
        <test-method status="PASS" signature="setUp()[pri:0, instance:Solution@ae45eb6]" name="setUp" is-config="true" duration-ms="6349" started-at="2019-08-19T18:02:22Z" finished-at="2019-08-19T18:02:29Z">
          <reporter-output>
          </reporter-output>
        </test-method> <!-- setUp -->
        <test-method status="PASS" signature="testSolution()[pri:0, instance:Solution@ae45eb6]" name="testSolution" duration-ms="24811" started-at="2019-08-19T18:02:29Z" finished-at="2019-08-19T18:02:53Z">
          <reporter-output>
          </reporter-output>
        </test-method> <!-- testSolution -->
        <test-method status="PASS" signature="tearDown()[pri:0, instance:Solution@ae45eb6]" name="tearDown" is-config="true" duration-ms="1" started-at="2019-08-19T18:02:53Z" finished-at="2019-08-19T18:02:53Z">
          <reporter-output>
          </reporter-output>
        </test-method> <!-- tearDown -->
      </class> <!-- Solution -->
    </test> <!-- Default test -->
  </suite> <!-- Default suite -->
</testng-results>
